2025-03-21T12:33:14.528+01:00  INFO 16752 --- [EntreBicis] [main] h.vico.EntreBicis.EntreBicisApplication  : Starting EntreBicisApplication using Java 21.0.6 with PID 16752 (C:\EntreBicis\BackEnd\target\classes started by Héctor Vico in C:\EntreBicis\BackEnd)
2025-03-21T12:33:14.537+01:00  INFO 16752 --- [EntreBicis] [main] h.vico.EntreBicis.EntreBicisApplication  : No active profile set, falling back to 1 default profile: "default"
2025-03-21T12:33:16.483+01:00  WARN 16752 --- [EntreBicis] [main] ConfigServletWebServerApplicationContext : Exception encountered during context initialization - cancelling refresh attempt: org.springframework.beans.factory.support.BeanDefinitionOverrideException: Invalid bean definition with name 'passwordEncoder' defined in class path resource [hector/vico/EntreBicis/Configuracio/ConfSeguretat.class]: Cannot register bean definition [Root bean: class=null; scope=; abstract=false; lazyInit=null; autowireMode=3; dependencyCheck=0; autowireCandidate=true; primary=false; fallback=false; factoryBeanName=confSeguretat; factoryMethodName=passwordEncoder; initMethodNames=null; destroyMethodNames=[(inferred)]; defined in class path resource [hector/vico/EntreBicis/Configuracio/ConfSeguretat.class]] for bean 'passwordEncoder' since there is already [Root bean: class=null; scope=; abstract=false; lazyInit=null; autowireMode=3; dependencyCheck=0; autowireCandidate=true; primary=false; fallback=false; factoryBeanName=confEncrypt; factoryMethodName=passwordEncoder; initMethodNames=null; destroyMethodNames=[(inferred)]; defined in class path resource [hector/vico/EntreBicis/Configuracio/ConfEncrypt.class]] bound.
2025-03-21T12:33:16.507+01:00  INFO 16752 --- [EntreBicis] [main] .s.b.a.l.ConditionEvaluationReportLogger : 

Error starting ApplicationContext. To display the condition evaluation report re-run your application with 'debug' enabled.
2025-03-21T12:33:16.607+01:00 ERROR 16752 --- [EntreBicis] [main] o.s.b.d.LoggingFailureAnalysisReporter   : 

***************************
APPLICATION FAILED TO START
***************************

Description:

The bean 'passwordEncoder', defined in class path resource [hector/vico/EntreBicis/Configuracio/ConfSeguretat.class], could not be registered. A bean with that name has already been defined in class path resource [hector/vico/EntreBicis/Configuracio/ConfEncrypt.class] and overriding is disabled.

Action:

Consider renaming one of the beans or enabling overriding by setting spring.main.allow-bean-definition-overriding=true

2025-03-21T12:40:42.193+01:00  INFO 8280 --- [EntreBicis] [main] h.vico.EntreBicis.EntreBicisApplication  : Starting EntreBicisApplication using Java 21.0.6 with PID 8280 (C:\EntreBicis\BackEnd\target\classes started by Héctor Vico in C:\EntreBicis\BackEnd)
2025-03-21T12:40:42.199+01:00  INFO 8280 --- [EntreBicis] [main] h.vico.EntreBicis.EntreBicisApplication  : No active profile set, falling back to 1 default profile: "default"
2025-03-21T12:40:44.964+01:00  INFO 8280 --- [EntreBicis] [main] o.s.b.w.embedded.tomcat.TomcatWebServer  : Tomcat initialized with port 8080 (http)
2025-03-21T12:40:44.997+01:00  INFO 8280 --- [EntreBicis] [main] o.apache.catalina.core.StandardService   : Starting service [Tomcat]
2025-03-21T12:40:44.997+01:00  INFO 8280 --- [EntreBicis] [main] o.apache.catalina.core.StandardEngine    : Starting Servlet engine: [Apache Tomcat/10.1.36]
2025-03-21T12:40:45.112+01:00  INFO 8280 --- [EntreBicis] [main] o.a.c.c.C.[Tomcat].[localhost].[/]       : Initializing Spring embedded WebApplicationContext
2025-03-21T12:40:45.113+01:00  INFO 8280 --- [EntreBicis] [main] w.s.c.ServletWebServerApplicationContext : Root WebApplicationContext: initialization completed in 2795 ms
2025-03-21T12:40:45.492+01:00  INFO 8280 --- [EntreBicis] [main] o.hibernate.jpa.internal.util.LogHelper  : HHH000204: Processing PersistenceUnitInfo [name: default]
2025-03-21T12:40:45.590+01:00  INFO 8280 --- [EntreBicis] [main] org.hibernate.Version                    : HHH000412: Hibernate ORM core version 6.6.8.Final
2025-03-21T12:40:45.651+01:00  INFO 8280 --- [EntreBicis] [main] o.h.c.internal.RegionFactoryInitiator    : HHH000026: Second-level cache disabled
2025-03-21T12:40:46.207+01:00  INFO 8280 --- [EntreBicis] [main] com.zaxxer.hikari.HikariDataSource       : HikariPool-1 - Starting...
2025-03-21T12:40:47.582+01:00  INFO 8280 --- [EntreBicis] [main] com.zaxxer.hikari.pool.HikariPool        : HikariPool-1 - Added connection com.mysql.cj.jdbc.ConnectionImpl@ca2be53
2025-03-21T12:40:47.586+01:00  INFO 8280 --- [EntreBicis] [main] com.zaxxer.hikari.HikariDataSource       : HikariPool-1 - Start completed.
2025-03-21T12:40:47.727+01:00  WARN 8280 --- [EntreBicis] [main] org.hibernate.orm.deprecation            : HHH90000025: MySQL8Dialect does not need to be specified explicitly using 'hibernate.dialect' (remove the property setting and it will be selected by default)
2025-03-21T12:40:47.730+01:00  WARN 8280 --- [EntreBicis] [main] org.hibernate.orm.deprecation            : HHH90000026: MySQL8Dialect has been deprecated; use org.hibernate.dialect.MySQLDialect instead
2025-03-21T12:40:47.776+01:00  INFO 8280 --- [EntreBicis] [main] org.hibernate.orm.connections.pooling    : HHH10001005: Database info:
	Database JDBC URL [Connecting through datasource 'HikariDataSource (HikariPool-1)']
	Database driver: undefined/unknown
	Database version: 8.0
	Autocommit mode: undefined/unknown
	Isolation level: undefined/unknown
	Minimum pool size: undefined/unknown
	Maximum pool size: undefined/unknown
2025-03-21T12:40:47.994+01:00 ERROR 8280 --- [EntreBicis] [main] j.LocalContainerEntityManagerFactoryBean : Failed to initialize JPA EntityManagerFactory: Entity 'hector.vico.EntreBicis.entity.Login' has no identifier (every '@Entity' class must declare or inherit at least one '@Id' or '@EmbeddedId' property)
2025-03-21T12:40:47.996+01:00  WARN 8280 --- [EntreBicis] [main] ConfigServletWebServerApplicationContext : Exception encountered during context initialization - cancelling refresh attempt: org.springframework.beans.factory.BeanCreationException: Error creating bean with name 'entityManagerFactory' defined in class path resource [org/springframework/boot/autoconfigure/orm/jpa/HibernateJpaConfiguration.class]: Entity 'hector.vico.EntreBicis.entity.Login' has no identifier (every '@Entity' class must declare or inherit at least one '@Id' or '@EmbeddedId' property)
2025-03-21T12:40:47.998+01:00  INFO 8280 --- [EntreBicis] [main] com.zaxxer.hikari.HikariDataSource       : HikariPool-1 - Shutdown initiated...
2025-03-21T12:40:48.064+01:00  INFO 8280 --- [EntreBicis] [main] com.zaxxer.hikari.HikariDataSource       : HikariPool-1 - Shutdown completed.
2025-03-21T12:40:48.072+01:00  INFO 8280 --- [EntreBicis] [main] o.apache.catalina.core.StandardService   : Stopping service [Tomcat]
2025-03-21T12:40:48.093+01:00  INFO 8280 --- [EntreBicis] [main] .s.b.a.l.ConditionEvaluationReportLogger : 

Error starting ApplicationContext. To display the condition evaluation report re-run your application with 'debug' enabled.
2025-03-21T12:40:48.122+01:00 ERROR 8280 --- [EntreBicis] [main] o.s.boot.SpringApplication               : Application run failed

org.springframework.beans.factory.BeanCreationException: Error creating bean with name 'entityManagerFactory' defined in class path resource [org/springframework/boot/autoconfigure/orm/jpa/HibernateJpaConfiguration.class]: Entity 'hector.vico.EntreBicis.entity.Login' has no identifier (every '@Entity' class must declare or inherit at least one '@Id' or '@EmbeddedId' property)
	at org.springframework.beans.factory.support.AbstractAutowireCapableBeanFactory.initializeBean(AbstractAutowireCapableBeanFactory.java:1812) ~[spring-beans-6.2.3.jar:6.2.3]
	at org.springframework.beans.factory.support.AbstractAutowireCapableBeanFactory.doCreateBean(AbstractAutowireCapableBeanFactory.java:601) ~[spring-beans-6.2.3.jar:6.2.3]
	at org.springframework.beans.factory.support.AbstractAutowireCapableBeanFactory.createBean(AbstractAutowireCapableBeanFactory.java:523) ~[spring-beans-6.2.3.jar:6.2.3]
	at org.springframework.beans.factory.support.AbstractBeanFactory.lambda$doGetBean$0(AbstractBeanFactory.java:339) ~[spring-beans-6.2.3.jar:6.2.3]
	at org.springframework.beans.factory.support.DefaultSingletonBeanRegistry.getSingleton(DefaultSingletonBeanRegistry.java:346) ~[spring-beans-6.2.3.jar:6.2.3]
	at org.springframework.beans.factory.support.AbstractBeanFactory.doGetBean(AbstractBeanFactory.java:337) ~[spring-beans-6.2.3.jar:6.2.3]
	at org.springframework.beans.factory.support.AbstractBeanFactory.getBean(AbstractBeanFactory.java:207) ~[spring-beans-6.2.3.jar:6.2.3]
	at org.springframework.context.support.AbstractApplicationContext.finishBeanFactoryInitialization(AbstractApplicationContext.java:970) ~[spring-context-6.2.3.jar:6.2.3]
	at org.springframework.context.support.AbstractApplicationContext.refresh(AbstractApplicationContext.java:627) ~[spring-context-6.2.3.jar:6.2.3]
	at org.springframework.boot.web.servlet.context.ServletWebServerApplicationContext.refresh(ServletWebServerApplicationContext.java:146) ~[spring-boot-3.4.3.jar:3.4.3]
	at org.springframework.boot.SpringApplication.refresh(SpringApplication.java:752) ~[spring-boot-3.4.3.jar:3.4.3]
	at org.springframework.boot.SpringApplication.refreshContext(SpringApplication.java:439) ~[spring-boot-3.4.3.jar:3.4.3]
	at org.springframework.boot.SpringApplication.run(SpringApplication.java:318) ~[spring-boot-3.4.3.jar:3.4.3]
	at org.springframework.boot.SpringApplication.run(SpringApplication.java:1361) ~[spring-boot-3.4.3.jar:3.4.3]
	at org.springframework.boot.SpringApplication.run(SpringApplication.java:1350) ~[spring-boot-3.4.3.jar:3.4.3]
	at hector.vico.EntreBicis.EntreBicisApplication.main(EntreBicisApplication.java:10) ~[classes/:na]
Caused by: org.hibernate.AnnotationException: Entity 'hector.vico.EntreBicis.entity.Login' has no identifier (every '@Entity' class must declare or inherit at least one '@Id' or '@EmbeddedId' property)
	at org.hibernate.boot.model.internal.InheritanceState.determineDefaultAccessType(InheritanceState.java:289) ~[hibernate-core-6.6.8.Final.jar:6.6.8.Final]
	at org.hibernate.boot.model.internal.InheritanceState.getElementsToProcess(InheritanceState.java:226) ~[hibernate-core-6.6.8.Final.jar:6.6.8.Final]
	at org.hibernate.boot.model.internal.InheritanceState.postProcess(InheritanceState.java:162) ~[hibernate-core-6.6.8.Final.jar:6.6.8.Final]
	at org.hibernate.boot.model.internal.EntityBinder.handleIdentifier(EntityBinder.java:410) ~[hibernate-core-6.6.8.Final.jar:6.6.8.Final]
	at org.hibernate.boot.model.internal.EntityBinder.bindEntityClass(EntityBinder.java:251) ~[hibernate-core-6.6.8.Final.jar:6.6.8.Final]
	at org.hibernate.boot.model.internal.AnnotationBinder.bindClass(AnnotationBinder.java:401) ~[hibernate-core-6.6.8.Final.jar:6.6.8.Final]
	at org.hibernate.boot.model.source.internal.annotations.AnnotationMetadataSourceProcessorImpl.processEntityHierarchies(AnnotationMetadataSourceProcessorImpl.java:257) ~[hibernate-core-6.6.8.Final.jar:6.6.8.Final]
	at org.hibernate.boot.model.process.spi.MetadataBuildingProcess$1.processEntityHierarchies(MetadataBuildingProcess.java:281) ~[hibernate-core-6.6.8.Final.jar:6.6.8.Final]
	at org.hibernate.boot.model.process.spi.MetadataBuildingProcess.complete(MetadataBuildingProcess.java:324) ~[hibernate-core-6.6.8.Final.jar:6.6.8.Final]
	at org.hibernate.jpa.boot.internal.EntityManagerFactoryBuilderImpl.metadata(EntityManagerFactoryBuilderImpl.java:1442) ~[hibernate-core-6.6.8.Final.jar:6.6.8.Final]
	at org.hibernate.jpa.boot.internal.EntityManagerFactoryBuilderImpl.build(EntityManagerFactoryBuilderImpl.java:1513) ~[hibernate-core-6.6.8.Final.jar:6.6.8.Final]
	at org.springframework.orm.jpa.vendor.SpringHibernateJpaPersistenceProvider.createContainerEntityManagerFactory(SpringHibernateJpaPersistenceProvider.java:66) ~[spring-orm-6.2.3.jar:6.2.3]
	at org.springframework.orm.jpa.LocalContainerEntityManagerFactoryBean.createNativeEntityManagerFactory(LocalContainerEntityManagerFactoryBean.java:390) ~[spring-orm-6.2.3.jar:6.2.3]
	at org.springframework.orm.jpa.AbstractEntityManagerFactoryBean.buildNativeEntityManagerFactory(AbstractEntityManagerFactoryBean.java:419) ~[spring-orm-6.2.3.jar:6.2.3]
	at org.springframework.orm.jpa.AbstractEntityManagerFactoryBean.afterPropertiesSet(AbstractEntityManagerFactoryBean.java:400) ~[spring-orm-6.2.3.jar:6.2.3]
	at org.springframework.orm.jpa.LocalContainerEntityManagerFactoryBean.afterPropertiesSet(LocalContainerEntityManagerFactoryBean.java:366) ~[spring-orm-6.2.3.jar:6.2.3]
	at org.springframework.beans.factory.support.AbstractAutowireCapableBeanFactory.invokeInitMethods(AbstractAutowireCapableBeanFactory.java:1859) ~[spring-beans-6.2.3.jar:6.2.3]
	at org.springframework.beans.factory.support.AbstractAutowireCapableBeanFactory.initializeBean(AbstractAutowireCapableBeanFactory.java:1808) ~[spring-beans-6.2.3.jar:6.2.3]
	... 15 common frames omitted

2025-03-21T12:45:19.066+01:00  INFO 6672 --- [EntreBicis] [main] h.vico.EntreBicis.EntreBicisApplication  : Starting EntreBicisApplication using Java 21.0.6 with PID 6672 (C:\EntreBicis\BackEnd\target\classes started by Héctor Vico in C:\EntreBicis\BackEnd)
2025-03-21T12:45:19.071+01:00  INFO 6672 --- [EntreBicis] [main] h.vico.EntreBicis.EntreBicisApplication  : No active profile set, falling back to 1 default profile: "default"
2025-03-21T12:45:22.089+01:00  INFO 6672 --- [EntreBicis] [main] o.s.b.w.embedded.tomcat.TomcatWebServer  : Tomcat initialized with port 8080 (http)
2025-03-21T12:45:22.121+01:00  INFO 6672 --- [EntreBicis] [main] o.apache.catalina.core.StandardService   : Starting service [Tomcat]
2025-03-21T12:45:22.122+01:00  INFO 6672 --- [EntreBicis] [main] o.apache.catalina.core.StandardEngine    : Starting Servlet engine: [Apache Tomcat/10.1.36]
2025-03-21T12:45:22.229+01:00  INFO 6672 --- [EntreBicis] [main] o.a.c.c.C.[Tomcat].[localhost].[/]       : Initializing Spring embedded WebApplicationContext
2025-03-21T12:45:22.230+01:00  INFO 6672 --- [EntreBicis] [main] w.s.c.ServletWebServerApplicationContext : Root WebApplicationContext: initialization completed in 3024 ms
2025-03-21T12:45:22.561+01:00  INFO 6672 --- [EntreBicis] [main] o.hibernate.jpa.internal.util.LogHelper  : HHH000204: Processing PersistenceUnitInfo [name: default]
2025-03-21T12:45:22.686+01:00  INFO 6672 --- [EntreBicis] [main] org.hibernate.Version                    : HHH000412: Hibernate ORM core version 6.6.8.Final
2025-03-21T12:45:22.760+01:00  INFO 6672 --- [EntreBicis] [main] o.h.c.internal.RegionFactoryInitiator    : HHH000026: Second-level cache disabled
2025-03-21T12:45:23.526+01:00  INFO 6672 --- [EntreBicis] [main] com.zaxxer.hikari.HikariDataSource       : HikariPool-1 - Starting...
2025-03-21T12:45:24.112+01:00  INFO 6672 --- [EntreBicis] [main] com.zaxxer.hikari.pool.HikariPool        : HikariPool-1 - Added connection com.mysql.cj.jdbc.ConnectionImpl@1255de25
2025-03-21T12:45:24.116+01:00  INFO 6672 --- [EntreBicis] [main] com.zaxxer.hikari.HikariDataSource       : HikariPool-1 - Start completed.
2025-03-21T12:45:24.211+01:00  WARN 6672 --- [EntreBicis] [main] org.hibernate.orm.deprecation            : HHH90000025: MySQL8Dialect does not need to be specified explicitly using 'hibernate.dialect' (remove the property setting and it will be selected by default)
2025-03-21T12:45:24.213+01:00  WARN 6672 --- [EntreBicis] [main] org.hibernate.orm.deprecation            : HHH90000026: MySQL8Dialect has been deprecated; use org.hibernate.dialect.MySQLDialect instead
2025-03-21T12:45:24.272+01:00  INFO 6672 --- [EntreBicis] [main] org.hibernate.orm.connections.pooling    : HHH10001005: Database info:
	Database JDBC URL [Connecting through datasource 'HikariDataSource (HikariPool-1)']
	Database driver: undefined/unknown
	Database version: 8.0
	Autocommit mode: undefined/unknown
	Isolation level: undefined/unknown
	Minimum pool size: undefined/unknown
	Maximum pool size: undefined/unknown
2025-03-21T12:45:25.437+01:00  INFO 6672 --- [EntreBicis] [main] o.h.e.t.j.p.i.JtaPlatformInitiator       : HHH000489: No JTA platform available (set 'hibernate.transaction.jta.platform' to enable JTA platform integration)
2025-03-21T12:45:25.507+01:00 DEBUG 6672 --- [EntreBicis] [main] org.hibernate.SQL                        : 
    create table usuari (
        email varchar(255) not null,
        contrasenya varchar(255),
        data_alta datetime(6),
        data_naixement datetime(6),
        foto varchar(255),
        nom_complet varchar(255),
        poblacio varchar(255),
        rol enum ('ADMIN','CICLISTA'),
        saldo_punts integer not null,
        telefon varchar(255),
        primary key (email)
    ) engine=InnoDB
2025-03-21T12:45:26.118+01:00  WARN 6672 --- [EntreBicis] [main] JpaBaseConfiguration$JpaWebConfiguration : spring.jpa.open-in-view is enabled by default. Therefore, database queries may be performed during view rendering. Explicitly configure spring.jpa.open-in-view to disable this warning
2025-03-21T12:45:26.190+01:00  INFO 6672 --- [EntreBicis] [main] r$InitializeUserDetailsManagerConfigurer : Global AuthenticationManager configured with UserDetailsService bean with name validadorUsuaris
2025-03-21T12:45:26.735+01:00 DEBUG 6672 --- [EntreBicis] [main] o.s.s.web.DefaultSecurityFilterChain     : Will secure any request with filters: DisableEncodeUrlFilter, WebAsyncManagerIntegrationFilter, SecurityContextHolderFilter, HeaderWriterFilter, CsrfFilter, LogoutFilter, UsernamePasswordAuthenticationFilter, RequestCacheAwareFilter, SecurityContextHolderAwareRequestFilter, AnonymousAuthenticationFilter, ExceptionTranslationFilter, AuthorizationFilter
2025-03-21T12:45:27.260+01:00  INFO 6672 --- [EntreBicis] [main] o.s.b.w.embedded.tomcat.TomcatWebServer  : Tomcat started on port 8080 (http) with context path '/'
2025-03-21T12:45:27.274+01:00  INFO 6672 --- [EntreBicis] [main] h.vico.EntreBicis.EntreBicisApplication  : Started EntreBicisApplication in 8.961 seconds (process running for 9.918)
2025-03-21T12:46:11.731+01:00  INFO 6672 --- [EntreBicis] [http-nio-8080-exec-1] o.a.c.c.C.[Tomcat].[localhost].[/]       : Initializing Spring DispatcherServlet 'dispatcherServlet'
2025-03-21T12:46:11.733+01:00  INFO 6672 --- [EntreBicis] [http-nio-8080-exec-1] o.s.web.servlet.DispatcherServlet        : Initializing Servlet 'dispatcherServlet'
2025-03-21T12:46:11.736+01:00  INFO 6672 --- [EntreBicis] [http-nio-8080-exec-1] o.s.web.servlet.DispatcherServlet        : Completed initialization in 1 ms
2025-03-21T12:46:11.806+01:00 DEBUG 6672 --- [EntreBicis] [http-nio-8080-exec-1] o.s.security.web.FilterChainProxy        : Securing GET /login
2025-03-21T12:46:11.824+01:00 DEBUG 6672 --- [EntreBicis] [http-nio-8080-exec-1] o.s.security.web.FilterChainProxy        : Secured GET /login
2025-03-21T12:46:12.295+01:00 DEBUG 6672 --- [EntreBicis] [http-nio-8080-exec-1] o.s.s.w.a.AnonymousAuthenticationFilter  : Set SecurityContextHolder to anonymous SecurityContext
2025-03-21T12:46:13.406+01:00 DEBUG 6672 --- [EntreBicis] [http-nio-8080-exec-3] o.s.security.web.FilterChainProxy        : Securing GET /favicon.ico
2025-03-21T12:46:13.409+01:00 DEBUG 6672 --- [EntreBicis] [http-nio-8080-exec-3] o.s.s.w.a.AnonymousAuthenticationFilter  : Set SecurityContextHolder to anonymous SecurityContext
2025-03-21T12:46:13.416+01:00 DEBUG 6672 --- [EntreBicis] [http-nio-8080-exec-3] o.s.s.web.DefaultRedirectStrategy        : Redirecting to http://localhost:8080/login
2025-03-21T12:46:13.448+01:00 DEBUG 6672 --- [EntreBicis] [http-nio-8080-exec-4] o.s.security.web.FilterChainProxy        : Securing GET /login
2025-03-21T12:46:13.452+01:00 DEBUG 6672 --- [EntreBicis] [http-nio-8080-exec-4] o.s.security.web.FilterChainProxy        : Secured GET /login
2025-03-21T12:46:13.461+01:00 DEBUG 6672 --- [EntreBicis] [http-nio-8080-exec-4] o.s.s.w.a.AnonymousAuthenticationFilter  : Set SecurityContextHolder to anonymous SecurityContext
2025-03-21T12:46:15.036+01:00 DEBUG 6672 --- [EntreBicis] [http-nio-8080-exec-2] o.s.security.web.FilterChainProxy        : Securing POST /login
2025-03-21T12:46:15.363+01:00 DEBUG 6672 --- [EntreBicis] [http-nio-8080-exec-2] org.hibernate.SQL                        : 
    select
        u1_0.email,
        u1_0.contrasenya,
        u1_0.data_alta,
        u1_0.data_naixement,
        u1_0.foto,
        u1_0.nom_complet,
        u1_0.poblacio,
        u1_0.rol,
        u1_0.saldo_punts,
        u1_0.telefon 
    from
        usuari u1_0 
    where
        u1_0.email=?
2025-03-21T12:46:15.520+01:00 DEBUG 6672 --- [EntreBicis] [http-nio-8080-exec-2] o.s.s.a.dao.DaoAuthenticationProvider    : Failed to find user ''
2025-03-21T12:46:15.524+01:00 DEBUG 6672 --- [EntreBicis] [http-nio-8080-exec-2] o.s.s.web.DefaultRedirectStrategy        : Redirecting to /login?error=true
2025-03-21T12:46:15.532+01:00 DEBUG 6672 --- [EntreBicis] [http-nio-8080-exec-7] o.s.security.web.FilterChainProxy        : Securing GET /login?error=true
2025-03-21T12:46:15.560+01:00 DEBUG 6672 --- [EntreBicis] [http-nio-8080-exec-7] o.s.security.web.FilterChainProxy        : Secured GET /login?error=true
2025-03-21T12:46:15.566+01:00 DEBUG 6672 --- [EntreBicis] [http-nio-8080-exec-7] o.s.s.w.a.AnonymousAuthenticationFilter  : Set SecurityContextHolder to anonymous SecurityContext
2025-03-21T12:46:15.837+01:00 DEBUG 6672 --- [EntreBicis] [http-nio-8080-exec-8] o.s.security.web.FilterChainProxy        : Securing GET /favicon.ico
2025-03-21T12:46:15.839+01:00 DEBUG 6672 --- [EntreBicis] [http-nio-8080-exec-8] o.s.s.w.a.AnonymousAuthenticationFilter  : Set SecurityContextHolder to anonymous SecurityContext
2025-03-21T12:46:15.840+01:00 DEBUG 6672 --- [EntreBicis] [http-nio-8080-exec-8] o.s.s.web.DefaultRedirectStrategy        : Redirecting to http://localhost:8080/login
2025-03-21T12:46:15.860+01:00 DEBUG 6672 --- [EntreBicis] [http-nio-8080-exec-9] o.s.security.web.FilterChainProxy        : Securing GET /login
2025-03-21T12:46:15.862+01:00 DEBUG 6672 --- [EntreBicis] [http-nio-8080-exec-9] o.s.security.web.FilterChainProxy        : Secured GET /login
2025-03-21T12:46:15.866+01:00 DEBUG 6672 --- [EntreBicis] [http-nio-8080-exec-9] o.s.s.w.a.AnonymousAuthenticationFilter  : Set SecurityContextHolder to anonymous SecurityContext
2025-03-21T13:02:56.110+01:00  INFO 7608 --- [EntreBicis] [main] h.vico.EntreBicis.EntreBicisApplication  : Starting EntreBicisApplication using Java 21.0.6 with PID 7608 (C:\EntreBicis\BackEnd\target\classes started by Héctor Vico in C:\EntreBicis\BackEnd)
2025-03-21T13:02:56.116+01:00  INFO 7608 --- [EntreBicis] [main] h.vico.EntreBicis.EntreBicisApplication  : No active profile set, falling back to 1 default profile: "default"
2025-03-21T13:02:59.164+01:00  INFO 7608 --- [EntreBicis] [main] o.s.b.w.embedded.tomcat.TomcatWebServer  : Tomcat initialized with port 8080 (http)
2025-03-21T13:02:59.199+01:00  INFO 7608 --- [EntreBicis] [main] o.apache.catalina.core.StandardService   : Starting service [Tomcat]
2025-03-21T13:02:59.201+01:00  INFO 7608 --- [EntreBicis] [main] o.apache.catalina.core.StandardEngine    : Starting Servlet engine: [Apache Tomcat/10.1.36]
2025-03-21T13:02:59.350+01:00  INFO 7608 --- [EntreBicis] [main] o.a.c.c.C.[Tomcat].[localhost].[/]       : Initializing Spring embedded WebApplicationContext
2025-03-21T13:02:59.352+01:00  INFO 7608 --- [EntreBicis] [main] w.s.c.ServletWebServerApplicationContext : Root WebApplicationContext: initialization completed in 3101 ms
2025-03-21T13:02:59.639+01:00  INFO 7608 --- [EntreBicis] [main] o.hibernate.jpa.internal.util.LogHelper  : HHH000204: Processing PersistenceUnitInfo [name: default]
2025-03-21T13:02:59.851+01:00  INFO 7608 --- [EntreBicis] [main] org.hibernate.Version                    : HHH000412: Hibernate ORM core version 6.6.8.Final
2025-03-21T13:02:59.975+01:00  INFO 7608 --- [EntreBicis] [main] o.h.c.internal.RegionFactoryInitiator    : HHH000026: Second-level cache disabled
2025-03-21T13:03:00.946+01:00  INFO 7608 --- [EntreBicis] [main] com.zaxxer.hikari.HikariDataSource       : HikariPool-1 - Starting...
2025-03-21T13:03:01.580+01:00  INFO 7608 --- [EntreBicis] [main] com.zaxxer.hikari.pool.HikariPool        : HikariPool-1 - Added connection com.mysql.cj.jdbc.ConnectionImpl@1255de25
2025-03-21T13:03:01.583+01:00  INFO 7608 --- [EntreBicis] [main] com.zaxxer.hikari.HikariDataSource       : HikariPool-1 - Start completed.
2025-03-21T13:03:01.715+01:00  WARN 7608 --- [EntreBicis] [main] org.hibernate.orm.deprecation            : HHH90000025: MySQL8Dialect does not need to be specified explicitly using 'hibernate.dialect' (remove the property setting and it will be selected by default)
2025-03-21T13:03:01.722+01:00  WARN 7608 --- [EntreBicis] [main] org.hibernate.orm.deprecation            : HHH90000026: MySQL8Dialect has been deprecated; use org.hibernate.dialect.MySQLDialect instead
2025-03-21T13:03:01.807+01:00  INFO 7608 --- [EntreBicis] [main] org.hibernate.orm.connections.pooling    : HHH10001005: Database info:
	Database JDBC URL [Connecting through datasource 'HikariDataSource (HikariPool-1)']
	Database driver: undefined/unknown
	Database version: 8.0
	Autocommit mode: undefined/unknown
	Isolation level: undefined/unknown
	Minimum pool size: undefined/unknown
	Maximum pool size: undefined/unknown
2025-03-21T13:03:03.216+01:00  INFO 7608 --- [EntreBicis] [main] o.h.e.t.j.p.i.JtaPlatformInitiator       : HHH000489: No JTA platform available (set 'hibernate.transaction.jta.platform' to enable JTA platform integration)
2025-03-21T13:03:03.915+01:00  WARN 7608 --- [EntreBicis] [main] JpaBaseConfiguration$JpaWebConfiguration : spring.jpa.open-in-view is enabled by default. Therefore, database queries may be performed during view rendering. Explicitly configure spring.jpa.open-in-view to disable this warning
2025-03-21T13:03:04.048+01:00  INFO 7608 --- [EntreBicis] [main] r$InitializeUserDetailsManagerConfigurer : Global AuthenticationManager configured with UserDetailsService bean with name validadorUsuaris
2025-03-21T13:03:04.518+01:00 DEBUG 7608 --- [EntreBicis] [main] o.s.s.web.DefaultSecurityFilterChain     : Will secure any request with filters: DisableEncodeUrlFilter, WebAsyncManagerIntegrationFilter, SecurityContextHolderFilter, HeaderWriterFilter, CsrfFilter, LogoutFilter, UsernamePasswordAuthenticationFilter, RequestCacheAwareFilter, SecurityContextHolderAwareRequestFilter, AnonymousAuthenticationFilter, ExceptionTranslationFilter, AuthorizationFilter
2025-03-21T13:03:05.040+01:00  INFO 7608 --- [EntreBicis] [main] o.s.b.w.embedded.tomcat.TomcatWebServer  : Tomcat started on port 8080 (http) with context path '/'
2025-03-21T13:03:05.059+01:00  INFO 7608 --- [EntreBicis] [main] h.vico.EntreBicis.EntreBicisApplication  : Started EntreBicisApplication in 9.657 seconds (process running for 10.632)
2025-03-21T13:03:19.931+01:00  INFO 7608 --- [EntreBicis] [http-nio-8080-exec-1] o.a.c.c.C.[Tomcat].[localhost].[/]       : Initializing Spring DispatcherServlet 'dispatcherServlet'
2025-03-21T13:03:19.932+01:00  INFO 7608 --- [EntreBicis] [http-nio-8080-exec-1] o.s.web.servlet.DispatcherServlet        : Initializing Servlet 'dispatcherServlet'
2025-03-21T13:03:19.935+01:00  INFO 7608 --- [EntreBicis] [http-nio-8080-exec-1] o.s.web.servlet.DispatcherServlet        : Completed initialization in 2 ms
2025-03-21T13:03:20.000+01:00 DEBUG 7608 --- [EntreBicis] [http-nio-8080-exec-1] o.s.security.web.FilterChainProxy        : Securing GET /login?error=true
2025-03-21T13:03:20.059+01:00 DEBUG 7608 --- [EntreBicis] [http-nio-8080-exec-1] o.s.security.web.FilterChainProxy        : Secured GET /login?error=true
2025-03-21T13:03:20.800+01:00 DEBUG 7608 --- [EntreBicis] [http-nio-8080-exec-1] o.s.s.w.a.AnonymousAuthenticationFilter  : Set SecurityContextHolder to anonymous SecurityContext
2025-03-21T13:03:20.833+01:00 DEBUG 7608 --- [EntreBicis] [http-nio-8080-exec-4] o.s.security.web.FilterChainProxy        : Securing GET /images/logo.png
2025-03-21T13:03:20.834+01:00 DEBUG 7608 --- [EntreBicis] [http-nio-8080-exec-3] o.s.security.web.FilterChainProxy        : Securing GET /css/login.css
2025-03-21T13:03:20.840+01:00 DEBUG 7608 --- [EntreBicis] [http-nio-8080-exec-3] o.s.s.w.a.AnonymousAuthenticationFilter  : Set SecurityContextHolder to anonymous SecurityContext
2025-03-21T13:03:20.840+01:00 DEBUG 7608 --- [EntreBicis] [http-nio-8080-exec-4] o.s.s.w.a.AnonymousAuthenticationFilter  : Set SecurityContextHolder to anonymous SecurityContext
2025-03-21T13:03:20.849+01:00 DEBUG 7608 --- [EntreBicis] [http-nio-8080-exec-4] o.s.s.w.s.HttpSessionRequestCache        : Saved request http://localhost:8080/images/logo.png?continue to session
2025-03-21T13:03:20.850+01:00 DEBUG 7608 --- [EntreBicis] [http-nio-8080-exec-3] o.s.s.w.s.HttpSessionRequestCache        : Saved request http://localhost:8080/css/login.css?continue to session
2025-03-21T13:03:20.858+01:00 DEBUG 7608 --- [EntreBicis] [http-nio-8080-exec-3] o.s.s.web.DefaultRedirectStrategy        : Redirecting to http://localhost:8080/login
2025-03-21T13:03:20.859+01:00 DEBUG 7608 --- [EntreBicis] [http-nio-8080-exec-4] o.s.s.web.DefaultRedirectStrategy        : Redirecting to http://localhost:8080/login
2025-03-21T13:03:21.229+01:00 DEBUG 7608 --- [EntreBicis] [http-nio-8080-exec-2] o.s.security.web.FilterChainProxy        : Securing GET /login
2025-03-21T13:03:21.231+01:00 DEBUG 7608 --- [EntreBicis] [http-nio-8080-exec-2] o.s.security.web.FilterChainProxy        : Secured GET /login
2025-03-21T13:03:21.239+01:00 DEBUG 7608 --- [EntreBicis] [http-nio-8080-exec-2] o.s.s.w.a.AnonymousAuthenticationFilter  : Set SecurityContextHolder to anonymous SecurityContext
2025-03-21T13:03:21.245+01:00 DEBUG 7608 --- [EntreBicis] [http-nio-8080-exec-6] o.s.security.web.FilterChainProxy        : Securing GET /login
2025-03-21T13:03:21.248+01:00 DEBUG 7608 --- [EntreBicis] [http-nio-8080-exec-6] o.s.security.web.FilterChainProxy        : Secured GET /login
2025-03-21T13:03:21.256+01:00 DEBUG 7608 --- [EntreBicis] [http-nio-8080-exec-6] o.s.s.w.a.AnonymousAuthenticationFilter  : Set SecurityContextHolder to anonymous SecurityContext
2025-03-21T13:03:21.516+01:00 DEBUG 7608 --- [EntreBicis] [http-nio-8080-exec-7] o.s.security.web.FilterChainProxy        : Securing GET /favicon.ico
2025-03-21T13:03:21.518+01:00 DEBUG 7608 --- [EntreBicis] [http-nio-8080-exec-7] o.s.s.w.a.AnonymousAuthenticationFilter  : Set SecurityContextHolder to anonymous SecurityContext
2025-03-21T13:03:21.519+01:00 DEBUG 7608 --- [EntreBicis] [http-nio-8080-exec-7] o.s.s.web.DefaultRedirectStrategy        : Redirecting to http://localhost:8080/login
2025-03-21T13:03:21.549+01:00 DEBUG 7608 --- [EntreBicis] [http-nio-8080-exec-8] o.s.security.web.FilterChainProxy        : Securing GET /login
2025-03-21T13:03:21.550+01:00 DEBUG 7608 --- [EntreBicis] [http-nio-8080-exec-8] o.s.security.web.FilterChainProxy        : Secured GET /login
2025-03-21T13:03:21.560+01:00 DEBUG 7608 --- [EntreBicis] [http-nio-8080-exec-8] o.s.s.w.a.AnonymousAuthenticationFilter  : Set SecurityContextHolder to anonymous SecurityContext
2025-03-21T13:04:07.622+01:00 DEBUG 7608 --- [EntreBicis] [http-nio-8080-exec-5] o.s.security.web.FilterChainProxy        : Securing POST /login
2025-03-21T13:04:07.954+01:00 DEBUG 7608 --- [EntreBicis] [http-nio-8080-exec-5] org.hibernate.SQL                        : 
    select
        u1_0.email,
        u1_0.contrasenya,
        u1_0.data_alta,
        u1_0.data_naixement,
        u1_0.foto,
        u1_0.nom_complet,
        u1_0.poblacio,
        u1_0.rol,
        u1_0.saldo_punts,
        u1_0.telefon 
    from
        usuari u1_0 
    where
        u1_0.email=?
2025-03-21T13:04:08.100+01:00 DEBUG 7608 --- [EntreBicis] [http-nio-8080-exec-5] o.s.s.a.dao.DaoAuthenticationProvider    : Failed to find user 'hola@alumnat.copernic.cat'
2025-03-21T13:04:08.107+01:00 DEBUG 7608 --- [EntreBicis] [http-nio-8080-exec-5] o.s.s.web.DefaultRedirectStrategy        : Redirecting to /login?error=true
2025-03-21T13:04:08.117+01:00 DEBUG 7608 --- [EntreBicis] [http-nio-8080-exec-1] o.s.security.web.FilterChainProxy        : Securing GET /login?error=true
2025-03-21T13:04:08.142+01:00 DEBUG 7608 --- [EntreBicis] [http-nio-8080-exec-1] o.s.security.web.FilterChainProxy        : Secured GET /login?error=true
2025-03-21T13:04:08.159+01:00 DEBUG 7608 --- [EntreBicis] [http-nio-8080-exec-1] o.s.s.w.a.AnonymousAuthenticationFilter  : Set SecurityContextHolder to anonymous SecurityContext
2025-03-21T13:04:08.225+01:00 DEBUG 7608 --- [EntreBicis] [http-nio-8080-exec-3] o.s.security.web.FilterChainProxy        : Securing GET /images/logo.png
2025-03-21T13:04:08.227+01:00 DEBUG 7608 --- [EntreBicis] [http-nio-8080-exec-3] o.s.s.w.a.AnonymousAuthenticationFilter  : Set SecurityContextHolder to anonymous SecurityContext
2025-03-21T13:04:08.225+01:00 DEBUG 7608 --- [EntreBicis] [http-nio-8080-exec-4] o.s.security.web.FilterChainProxy        : Securing GET /css/login.css
2025-03-21T13:04:08.229+01:00 DEBUG 7608 --- [EntreBicis] [http-nio-8080-exec-3] o.s.s.w.s.HttpSessionRequestCache        : Saved request http://localhost:8080/images/logo.png?continue to session
2025-03-21T13:04:08.232+01:00 DEBUG 7608 --- [EntreBicis] [http-nio-8080-exec-3] o.s.s.web.DefaultRedirectStrategy        : Redirecting to http://localhost:8080/login
2025-03-21T13:04:08.232+01:00 DEBUG 7608 --- [EntreBicis] [http-nio-8080-exec-4] o.s.s.w.a.AnonymousAuthenticationFilter  : Set SecurityContextHolder to anonymous SecurityContext
2025-03-21T13:04:08.240+01:00 DEBUG 7608 --- [EntreBicis] [http-nio-8080-exec-4] o.s.s.w.s.HttpSessionRequestCache        : Saved request http://localhost:8080/css/login.css?continue to session
2025-03-21T13:04:08.241+01:00 DEBUG 7608 --- [EntreBicis] [http-nio-8080-exec-4] o.s.s.web.DefaultRedirectStrategy        : Redirecting to http://localhost:8080/login
2025-03-21T13:04:08.507+01:00 DEBUG 7608 --- [EntreBicis] [http-nio-8080-exec-2] o.s.security.web.FilterChainProxy        : Securing GET /login
2025-03-21T13:04:08.510+01:00 DEBUG 7608 --- [EntreBicis] [http-nio-8080-exec-2] o.s.security.web.FilterChainProxy        : Secured GET /login
2025-03-21T13:04:08.514+01:00 DEBUG 7608 --- [EntreBicis] [http-nio-8080-exec-2] o.s.s.w.a.AnonymousAuthenticationFilter  : Set SecurityContextHolder to anonymous SecurityContext
2025-03-21T13:04:08.515+01:00 DEBUG 7608 --- [EntreBicis] [http-nio-8080-exec-6] o.s.security.web.FilterChainProxy        : Securing GET /login
2025-03-21T13:04:08.523+01:00 DEBUG 7608 --- [EntreBicis] [http-nio-8080-exec-6] o.s.security.web.FilterChainProxy        : Secured GET /login
2025-03-21T13:04:08.529+01:00 DEBUG 7608 --- [EntreBicis] [http-nio-8080-exec-6] o.s.s.w.a.AnonymousAuthenticationFilter  : Set SecurityContextHolder to anonymous SecurityContext
2025-03-21T13:04:08.742+01:00 DEBUG 7608 --- [EntreBicis] [http-nio-8080-exec-7] o.s.security.web.FilterChainProxy        : Securing GET /favicon.ico
2025-03-21T13:04:08.743+01:00 DEBUG 7608 --- [EntreBicis] [http-nio-8080-exec-7] o.s.s.w.a.AnonymousAuthenticationFilter  : Set SecurityContextHolder to anonymous SecurityContext
2025-03-21T13:04:08.744+01:00 DEBUG 7608 --- [EntreBicis] [http-nio-8080-exec-7] o.s.s.web.DefaultRedirectStrategy        : Redirecting to http://localhost:8080/login
2025-03-21T13:04:08.876+01:00 DEBUG 7608 --- [EntreBicis] [http-nio-8080-exec-8] o.s.security.web.FilterChainProxy        : Securing GET /login
2025-03-21T13:04:08.877+01:00 DEBUG 7608 --- [EntreBicis] [http-nio-8080-exec-8] o.s.security.web.FilterChainProxy        : Secured GET /login
2025-03-21T13:04:08.881+01:00 DEBUG 7608 --- [EntreBicis] [http-nio-8080-exec-8] o.s.s.w.a.AnonymousAuthenticationFilter  : Set SecurityContextHolder to anonymous SecurityContext
2025-03-21T13:05:17.228+01:00 DEBUG 7608 --- [EntreBicis] [http-nio-8080-exec-5] o.s.security.web.FilterChainProxy        : Securing GET /login?error=true
2025-03-21T13:05:17.229+01:00 DEBUG 7608 --- [EntreBicis] [http-nio-8080-exec-5] o.s.security.web.FilterChainProxy        : Secured GET /login?error=true
2025-03-21T13:05:17.233+01:00 DEBUG 7608 --- [EntreBicis] [http-nio-8080-exec-5] o.s.s.w.a.AnonymousAuthenticationFilter  : Set SecurityContextHolder to anonymous SecurityContext
2025-03-21T13:05:17.281+01:00 DEBUG 7608 --- [EntreBicis] [http-nio-8080-exec-3] o.s.security.web.FilterChainProxy        : Securing GET /images/logo.png
2025-03-21T13:05:17.281+01:00 DEBUG 7608 --- [EntreBicis] [http-nio-8080-exec-1] o.s.security.web.FilterChainProxy        : Securing GET /css/login.css
2025-03-21T13:05:17.282+01:00 DEBUG 7608 --- [EntreBicis] [http-nio-8080-exec-1] o.s.s.w.a.AnonymousAuthenticationFilter  : Set SecurityContextHolder to anonymous SecurityContext
2025-03-21T13:05:17.282+01:00 DEBUG 7608 --- [EntreBicis] [http-nio-8080-exec-3] o.s.s.w.a.AnonymousAuthenticationFilter  : Set SecurityContextHolder to anonymous SecurityContext
2025-03-21T13:05:17.292+01:00 DEBUG 7608 --- [EntreBicis] [http-nio-8080-exec-1] o.s.s.w.s.HttpSessionRequestCache        : Saved request http://localhost:8080/css/login.css?continue to session
2025-03-21T13:05:17.294+01:00 DEBUG 7608 --- [EntreBicis] [http-nio-8080-exec-1] o.s.s.web.DefaultRedirectStrategy        : Redirecting to http://localhost:8080/login
2025-03-21T13:05:17.285+01:00 DEBUG 7608 --- [EntreBicis] [http-nio-8080-exec-3] o.s.s.w.s.HttpSessionRequestCache        : Saved request http://localhost:8080/images/logo.png?continue to session
2025-03-21T13:05:17.297+01:00 DEBUG 7608 --- [EntreBicis] [http-nio-8080-exec-3] o.s.s.web.DefaultRedirectStrategy        : Redirecting to http://localhost:8080/login
2025-03-21T13:05:17.397+01:00 DEBUG 7608 --- [EntreBicis] [http-nio-8080-exec-4] o.s.security.web.FilterChainProxy        : Securing GET /login?error=true
2025-03-21T13:05:17.398+01:00 DEBUG 7608 --- [EntreBicis] [http-nio-8080-exec-4] o.s.security.web.FilterChainProxy        : Secured GET /login?error=true
2025-03-21T13:05:17.403+01:00 DEBUG 7608 --- [EntreBicis] [http-nio-8080-exec-4] o.s.s.w.a.AnonymousAuthenticationFilter  : Set SecurityContextHolder to anonymous SecurityContext
2025-03-21T13:05:17.450+01:00 DEBUG 7608 --- [EntreBicis] [http-nio-8080-exec-6] o.s.security.web.FilterChainProxy        : Securing GET /images/logo.png
2025-03-21T13:05:17.452+01:00 DEBUG 7608 --- [EntreBicis] [http-nio-8080-exec-2] o.s.security.web.FilterChainProxy        : Securing GET /css/login.css
2025-03-21T13:05:17.452+01:00 DEBUG 7608 --- [EntreBicis] [http-nio-8080-exec-6] o.s.s.w.a.AnonymousAuthenticationFilter  : Set SecurityContextHolder to anonymous SecurityContext
2025-03-21T13:05:17.456+01:00 DEBUG 7608 --- [EntreBicis] [http-nio-8080-exec-2] o.s.s.w.a.AnonymousAuthenticationFilter  : Set SecurityContextHolder to anonymous SecurityContext
2025-03-21T13:05:17.460+01:00 DEBUG 7608 --- [EntreBicis] [http-nio-8080-exec-6] o.s.s.w.s.HttpSessionRequestCache        : Saved request http://localhost:8080/images/logo.png?continue to session
2025-03-21T13:05:17.461+01:00 DEBUG 7608 --- [EntreBicis] [http-nio-8080-exec-6] o.s.s.web.DefaultRedirectStrategy        : Redirecting to http://localhost:8080/login
2025-03-21T13:05:17.462+01:00 DEBUG 7608 --- [EntreBicis] [http-nio-8080-exec-2] o.s.s.w.s.HttpSessionRequestCache        : Saved request http://localhost:8080/css/login.css?continue to session
2025-03-21T13:05:17.466+01:00 DEBUG 7608 --- [EntreBicis] [http-nio-8080-exec-2] o.s.s.web.DefaultRedirectStrategy        : Redirecting to http://localhost:8080/login
2025-03-21T13:05:17.548+01:00 DEBUG 7608 --- [EntreBicis] [http-nio-8080-exec-7] o.s.security.web.FilterChainProxy        : Securing GET /login?error=true
2025-03-21T13:05:17.549+01:00 DEBUG 7608 --- [EntreBicis] [http-nio-8080-exec-7] o.s.security.web.FilterChainProxy        : Secured GET /login?error=true
2025-03-21T13:05:17.555+01:00 DEBUG 7608 --- [EntreBicis] [http-nio-8080-exec-7] o.s.s.w.a.AnonymousAuthenticationFilter  : Set SecurityContextHolder to anonymous SecurityContext
2025-03-21T13:05:17.583+01:00 DEBUG 7608 --- [EntreBicis] [http-nio-8080-exec-8] o.s.security.web.FilterChainProxy        : Securing GET /css/login.css
2025-03-21T13:05:17.585+01:00 DEBUG 7608 --- [EntreBicis] [http-nio-8080-exec-8] o.s.s.w.a.AnonymousAuthenticationFilter  : Set SecurityContextHolder to anonymous SecurityContext
2025-03-21T13:05:17.587+01:00 DEBUG 7608 --- [EntreBicis] [http-nio-8080-exec-8] o.s.s.w.s.HttpSessionRequestCache        : Saved request http://localhost:8080/css/login.css?continue to session
2025-03-21T13:05:17.583+01:00 DEBUG 7608 --- [EntreBicis] [http-nio-8080-exec-10] o.s.security.web.FilterChainProxy        : Securing GET /images/logo.png
2025-03-21T13:05:17.589+01:00 DEBUG 7608 --- [EntreBicis] [http-nio-8080-exec-8] o.s.s.web.DefaultRedirectStrategy        : Redirecting to http://localhost:8080/login
2025-03-21T13:05:17.594+01:00 DEBUG 7608 --- [EntreBicis] [http-nio-8080-exec-10] o.s.s.w.a.AnonymousAuthenticationFilter  : Set SecurityContextHolder to anonymous SecurityContext
2025-03-21T13:05:17.598+01:00 DEBUG 7608 --- [EntreBicis] [http-nio-8080-exec-10] o.s.s.w.s.HttpSessionRequestCache        : Saved request http://localhost:8080/images/logo.png?continue to session
2025-03-21T13:05:17.600+01:00 DEBUG 7608 --- [EntreBicis] [http-nio-8080-exec-10] o.s.s.web.DefaultRedirectStrategy        : Redirecting to http://localhost:8080/login
2025-03-21T13:05:17.687+01:00 DEBUG 7608 --- [EntreBicis] [http-nio-8080-exec-9] o.s.security.web.FilterChainProxy        : Securing GET /login?error=true
2025-03-21T13:05:17.690+01:00 DEBUG 7608 --- [EntreBicis] [http-nio-8080-exec-9] o.s.security.web.FilterChainProxy        : Secured GET /login?error=true
2025-03-21T13:05:17.696+01:00 DEBUG 7608 --- [EntreBicis] [http-nio-8080-exec-9] o.s.s.w.a.AnonymousAuthenticationFilter  : Set SecurityContextHolder to anonymous SecurityContext
2025-03-21T13:05:17.722+01:00 DEBUG 7608 --- [EntreBicis] [http-nio-8080-exec-5] o.s.security.web.FilterChainProxy        : Securing GET /css/login.css
2025-03-21T13:05:17.722+01:00 DEBUG 7608 --- [EntreBicis] [http-nio-8080-exec-1] o.s.security.web.FilterChainProxy        : Securing GET /images/logo.png
2025-03-21T13:05:17.725+01:00 DEBUG 7608 --- [EntreBicis] [http-nio-8080-exec-5] o.s.s.w.a.AnonymousAuthenticationFilter  : Set SecurityContextHolder to anonymous SecurityContext
2025-03-21T13:05:17.725+01:00 DEBUG 7608 --- [EntreBicis] [http-nio-8080-exec-1] o.s.s.w.a.AnonymousAuthenticationFilter  : Set SecurityContextHolder to anonymous SecurityContext
2025-03-21T13:05:17.726+01:00 DEBUG 7608 --- [EntreBicis] [http-nio-8080-exec-5] o.s.s.w.s.HttpSessionRequestCache        : Saved request http://localhost:8080/css/login.css?continue to session
2025-03-21T13:05:17.727+01:00 DEBUG 7608 --- [EntreBicis] [http-nio-8080-exec-5] o.s.s.web.DefaultRedirectStrategy        : Redirecting to http://localhost:8080/login
2025-03-21T13:05:17.729+01:00 DEBUG 7608 --- [EntreBicis] [http-nio-8080-exec-1] o.s.s.w.s.HttpSessionRequestCache        : Saved request http://localhost:8080/images/logo.png?continue to session
2025-03-21T13:05:17.730+01:00 DEBUG 7608 --- [EntreBicis] [http-nio-8080-exec-1] o.s.s.web.DefaultRedirectStrategy        : Redirecting to http://localhost:8080/login
2025-03-21T13:05:17.802+01:00 DEBUG 7608 --- [EntreBicis] [http-nio-8080-exec-3] o.s.security.web.FilterChainProxy        : Securing GET /login
2025-03-21T13:05:17.803+01:00 DEBUG 7608 --- [EntreBicis] [http-nio-8080-exec-3] o.s.security.web.FilterChainProxy        : Secured GET /login
2025-03-21T13:05:17.808+01:00 DEBUG 7608 --- [EntreBicis] [http-nio-8080-exec-3] o.s.s.w.a.AnonymousAuthenticationFilter  : Set SecurityContextHolder to anonymous SecurityContext
2025-03-21T13:05:17.813+01:00 DEBUG 7608 --- [EntreBicis] [http-nio-8080-exec-4] o.s.security.web.FilterChainProxy        : Securing GET /login
2025-03-21T13:05:17.815+01:00 DEBUG 7608 --- [EntreBicis] [http-nio-8080-exec-4] o.s.security.web.FilterChainProxy        : Secured GET /login
2025-03-21T13:05:17.823+01:00 DEBUG 7608 --- [EntreBicis] [http-nio-8080-exec-4] o.s.s.w.a.AnonymousAuthenticationFilter  : Set SecurityContextHolder to anonymous SecurityContext
2025-03-21T13:05:17.920+01:00 DEBUG 7608 --- [EntreBicis] [http-nio-8080-exec-6] o.s.security.web.FilterChainProxy        : Securing GET /favicon.ico
2025-03-21T13:05:17.922+01:00 DEBUG 7608 --- [EntreBicis] [http-nio-8080-exec-6] o.s.s.w.a.AnonymousAuthenticationFilter  : Set SecurityContextHolder to anonymous SecurityContext
2025-03-21T13:05:17.924+01:00 DEBUG 7608 --- [EntreBicis] [http-nio-8080-exec-6] o.s.s.web.DefaultRedirectStrategy        : Redirecting to http://localhost:8080/login
2025-03-21T13:05:17.946+01:00 DEBUG 7608 --- [EntreBicis] [http-nio-8080-exec-2] o.s.security.web.FilterChainProxy        : Securing GET /login
2025-03-21T13:05:17.947+01:00 DEBUG 7608 --- [EntreBicis] [http-nio-8080-exec-2] o.s.security.web.FilterChainProxy        : Secured GET /login
2025-03-21T13:05:17.951+01:00 DEBUG 7608 --- [EntreBicis] [http-nio-8080-exec-2] o.s.s.w.a.AnonymousAuthenticationFilter  : Set SecurityContextHolder to anonymous SecurityContext
2025-03-21T13:10:50.675+01:00  INFO 10212 --- [EntreBicis] [main] h.vico.EntreBicis.EntreBicisApplication  : Starting EntreBicisApplication using Java 21.0.6 with PID 10212 (C:\EntreBicis\BackEnd\target\classes started by Héctor Vico in C:\EntreBicis\BackEnd)
2025-03-21T13:10:50.681+01:00  INFO 10212 --- [EntreBicis] [main] h.vico.EntreBicis.EntreBicisApplication  : No active profile set, falling back to 1 default profile: "default"
2025-03-21T13:10:53.354+01:00  INFO 10212 --- [EntreBicis] [main] o.s.b.w.embedded.tomcat.TomcatWebServer  : Tomcat initialized with port 8080 (http)
2025-03-21T13:10:53.377+01:00  INFO 10212 --- [EntreBicis] [main] o.apache.catalina.core.StandardService   : Starting service [Tomcat]
2025-03-21T13:10:53.383+01:00  INFO 10212 --- [EntreBicis] [main] o.apache.catalina.core.StandardEngine    : Starting Servlet engine: [Apache Tomcat/10.1.36]
2025-03-21T13:10:53.506+01:00  INFO 10212 --- [EntreBicis] [main] o.a.c.c.C.[Tomcat].[localhost].[/]       : Initializing Spring embedded WebApplicationContext
2025-03-21T13:10:53.507+01:00  INFO 10212 --- [EntreBicis] [main] w.s.c.ServletWebServerApplicationContext : Root WebApplicationContext: initialization completed in 2413 ms
2025-03-21T13:10:53.797+01:00  INFO 10212 --- [EntreBicis] [main] o.hibernate.jpa.internal.util.LogHelper  : HHH000204: Processing PersistenceUnitInfo [name: default]
2025-03-21T13:10:53.887+01:00  INFO 10212 --- [EntreBicis] [main] org.hibernate.Version                    : HHH000412: Hibernate ORM core version 6.6.8.Final
2025-03-21T13:10:53.950+01:00  INFO 10212 --- [EntreBicis] [main] o.h.c.internal.RegionFactoryInitiator    : HHH000026: Second-level cache disabled
2025-03-21T13:10:54.545+01:00  INFO 10212 --- [EntreBicis] [main] com.zaxxer.hikari.HikariDataSource       : HikariPool-1 - Starting...
2025-03-21T13:10:55.169+01:00  INFO 10212 --- [EntreBicis] [main] com.zaxxer.hikari.pool.HikariPool        : HikariPool-1 - Added connection com.mysql.cj.jdbc.ConnectionImpl@1255de25
2025-03-21T13:10:55.175+01:00  INFO 10212 --- [EntreBicis] [main] com.zaxxer.hikari.HikariDataSource       : HikariPool-1 - Start completed.
2025-03-21T13:10:55.270+01:00  WARN 10212 --- [EntreBicis] [main] org.hibernate.orm.deprecation            : HHH90000025: MySQL8Dialect does not need to be specified explicitly using 'hibernate.dialect' (remove the property setting and it will be selected by default)
2025-03-21T13:10:55.274+01:00  WARN 10212 --- [EntreBicis] [main] org.hibernate.orm.deprecation            : HHH90000026: MySQL8Dialect has been deprecated; use org.hibernate.dialect.MySQLDialect instead
2025-03-21T13:10:55.341+01:00  INFO 10212 --- [EntreBicis] [main] org.hibernate.orm.connections.pooling    : HHH10001005: Database info:
	Database JDBC URL [Connecting through datasource 'HikariDataSource (HikariPool-1)']
	Database driver: undefined/unknown
	Database version: 8.0
	Autocommit mode: undefined/unknown
	Isolation level: undefined/unknown
	Minimum pool size: undefined/unknown
	Maximum pool size: undefined/unknown
2025-03-21T13:10:56.748+01:00  INFO 10212 --- [EntreBicis] [main] o.h.e.t.j.p.i.JtaPlatformInitiator       : HHH000489: No JTA platform available (set 'hibernate.transaction.jta.platform' to enable JTA platform integration)
2025-03-21T13:10:57.424+01:00  WARN 10212 --- [EntreBicis] [main] JpaBaseConfiguration$JpaWebConfiguration : spring.jpa.open-in-view is enabled by default. Therefore, database queries may be performed during view rendering. Explicitly configure spring.jpa.open-in-view to disable this warning
2025-03-21T13:10:57.510+01:00  INFO 10212 --- [EntreBicis] [main] r$InitializeUserDetailsManagerConfigurer : Global AuthenticationManager configured with UserDetailsService bean with name validadorUsuaris
2025-03-21T13:10:57.973+01:00 DEBUG 10212 --- [EntreBicis] [main] o.s.s.web.DefaultSecurityFilterChain     : Will secure any request with filters: DisableEncodeUrlFilter, WebAsyncManagerIntegrationFilter, SecurityContextHolderFilter, HeaderWriterFilter, CsrfFilter, LogoutFilter, UsernamePasswordAuthenticationFilter, RequestCacheAwareFilter, SecurityContextHolderAwareRequestFilter, AnonymousAuthenticationFilter, ExceptionTranslationFilter, AuthorizationFilter
2025-03-21T13:10:58.418+01:00  INFO 10212 --- [EntreBicis] [main] o.s.b.w.embedded.tomcat.TomcatWebServer  : Tomcat started on port 8080 (http) with context path '/'
2025-03-21T13:10:58.444+01:00  INFO 10212 --- [EntreBicis] [main] h.vico.EntreBicis.EntreBicisApplication  : Started EntreBicisApplication in 8.625 seconds (process running for 9.689)
2025-03-21T13:11:03.303+01:00  INFO 10212 --- [EntreBicis] [http-nio-8080-exec-1] o.a.c.c.C.[Tomcat].[localhost].[/]       : Initializing Spring DispatcherServlet 'dispatcherServlet'
2025-03-21T13:11:03.304+01:00  INFO 10212 --- [EntreBicis] [http-nio-8080-exec-1] o.s.web.servlet.DispatcherServlet        : Initializing Servlet 'dispatcherServlet'
2025-03-21T13:11:03.307+01:00  INFO 10212 --- [EntreBicis] [http-nio-8080-exec-1] o.s.web.servlet.DispatcherServlet        : Completed initialization in 1 ms
2025-03-21T13:11:03.349+01:00 DEBUG 10212 --- [EntreBicis] [http-nio-8080-exec-1] o.s.security.web.FilterChainProxy        : Securing GET /login?error=true
2025-03-21T13:11:03.380+01:00 DEBUG 10212 --- [EntreBicis] [http-nio-8080-exec-1] o.s.security.web.FilterChainProxy        : Secured GET /login?error=true
2025-03-21T13:11:03.788+01:00 DEBUG 10212 --- [EntreBicis] [http-nio-8080-exec-1] o.s.s.w.a.AnonymousAuthenticationFilter  : Set SecurityContextHolder to anonymous SecurityContext
2025-03-21T13:11:03.843+01:00 DEBUG 10212 --- [EntreBicis] [http-nio-8080-exec-4] o.s.security.web.FilterChainProxy        : Securing GET /Imatges/EntreBicisIcon.png
2025-03-21T13:11:03.843+01:00 DEBUG 10212 --- [EntreBicis] [http-nio-8080-exec-3] o.s.security.web.FilterChainProxy        : Securing GET /css/login.css
2025-03-21T13:11:03.847+01:00 DEBUG 10212 --- [EntreBicis] [http-nio-8080-exec-4] o.s.s.w.a.AnonymousAuthenticationFilter  : Set SecurityContextHolder to anonymous SecurityContext
2025-03-21T13:11:03.847+01:00 DEBUG 10212 --- [EntreBicis] [http-nio-8080-exec-3] o.s.s.w.a.AnonymousAuthenticationFilter  : Set SecurityContextHolder to anonymous SecurityContext
2025-03-21T13:11:03.861+01:00 DEBUG 10212 --- [EntreBicis] [http-nio-8080-exec-4] o.s.s.w.s.HttpSessionRequestCache        : Saved request http://localhost:8080/Imatges/EntreBicisIcon.png?continue to session
2025-03-21T13:11:03.866+01:00 DEBUG 10212 --- [EntreBicis] [http-nio-8080-exec-4] o.s.s.web.DefaultRedirectStrategy        : Redirecting to http://localhost:8080/login
2025-03-21T13:11:03.862+01:00 DEBUG 10212 --- [EntreBicis] [http-nio-8080-exec-3] o.s.s.w.s.HttpSessionRequestCache        : Saved request http://localhost:8080/css/login.css?continue to session
2025-03-21T13:11:03.868+01:00 DEBUG 10212 --- [EntreBicis] [http-nio-8080-exec-3] o.s.s.web.DefaultRedirectStrategy        : Redirecting to http://localhost:8080/login
2025-03-21T13:11:04.146+01:00 DEBUG 10212 --- [EntreBicis] [http-nio-8080-exec-2] o.s.security.web.FilterChainProxy        : Securing GET /login
2025-03-21T13:11:04.147+01:00 DEBUG 10212 --- [EntreBicis] [http-nio-8080-exec-2] o.s.security.web.FilterChainProxy        : Secured GET /login
2025-03-21T13:11:04.155+01:00 DEBUG 10212 --- [EntreBicis] [http-nio-8080-exec-2] o.s.s.w.a.AnonymousAuthenticationFilter  : Set SecurityContextHolder to anonymous SecurityContext
2025-03-21T13:11:04.165+01:00 DEBUG 10212 --- [EntreBicis] [http-nio-8080-exec-6] o.s.security.web.FilterChainProxy        : Securing GET /login
2025-03-21T13:11:04.167+01:00 DEBUG 10212 --- [EntreBicis] [http-nio-8080-exec-6] o.s.security.web.FilterChainProxy        : Secured GET /login
2025-03-21T13:11:04.178+01:00 DEBUG 10212 --- [EntreBicis] [http-nio-8080-exec-6] o.s.s.w.a.AnonymousAuthenticationFilter  : Set SecurityContextHolder to anonymous SecurityContext
2025-03-21T13:11:04.372+01:00 DEBUG 10212 --- [EntreBicis] [http-nio-8080-exec-7] o.s.security.web.FilterChainProxy        : Securing GET /favicon.ico
2025-03-21T13:11:04.373+01:00 DEBUG 10212 --- [EntreBicis] [http-nio-8080-exec-7] o.s.s.w.a.AnonymousAuthenticationFilter  : Set SecurityContextHolder to anonymous SecurityContext
2025-03-21T13:11:04.374+01:00 DEBUG 10212 --- [EntreBicis] [http-nio-8080-exec-7] o.s.s.web.DefaultRedirectStrategy        : Redirecting to http://localhost:8080/login
2025-03-21T13:11:04.473+01:00 DEBUG 10212 --- [EntreBicis] [http-nio-8080-exec-8] o.s.security.web.FilterChainProxy        : Securing GET /login
2025-03-21T13:11:04.475+01:00 DEBUG 10212 --- [EntreBicis] [http-nio-8080-exec-8] o.s.security.web.FilterChainProxy        : Secured GET /login
2025-03-21T13:11:04.479+01:00 DEBUG 10212 --- [EntreBicis] [http-nio-8080-exec-8] o.s.s.w.a.AnonymousAuthenticationFilter  : Set SecurityContextHolder to anonymous SecurityContext
2025-03-21T13:11:06.298+01:00 DEBUG 10212 --- [EntreBicis] [http-nio-8080-exec-9] o.s.security.web.FilterChainProxy        : Securing GET /login?error=true
2025-03-21T13:11:06.299+01:00 DEBUG 10212 --- [EntreBicis] [http-nio-8080-exec-9] o.s.security.web.FilterChainProxy        : Secured GET /login?error=true
2025-03-21T13:11:06.308+01:00 DEBUG 10212 --- [EntreBicis] [http-nio-8080-exec-9] o.s.s.w.a.AnonymousAuthenticationFilter  : Set SecurityContextHolder to anonymous SecurityContext
2025-03-21T13:11:06.348+01:00 DEBUG 10212 --- [EntreBicis] [http-nio-8080-exec-5] o.s.security.web.FilterChainProxy        : Securing GET /css/login.css
2025-03-21T13:11:06.351+01:00 DEBUG 10212 --- [EntreBicis] [http-nio-8080-exec-10] o.s.security.web.FilterChainProxy        : Securing GET /Imatges/EntreBicisIcon.png
2025-03-21T13:11:06.352+01:00 DEBUG 10212 --- [EntreBicis] [http-nio-8080-exec-5] o.s.s.w.a.AnonymousAuthenticationFilter  : Set SecurityContextHolder to anonymous SecurityContext
2025-03-21T13:11:06.353+01:00 DEBUG 10212 --- [EntreBicis] [http-nio-8080-exec-10] o.s.s.w.a.AnonymousAuthenticationFilter  : Set SecurityContextHolder to anonymous SecurityContext
2025-03-21T13:11:06.365+01:00 DEBUG 10212 --- [EntreBicis] [http-nio-8080-exec-10] o.s.s.w.s.HttpSessionRequestCache        : Saved request http://localhost:8080/Imatges/EntreBicisIcon.png?continue to session
2025-03-21T13:11:06.369+01:00 DEBUG 10212 --- [EntreBicis] [http-nio-8080-exec-5] o.s.s.w.s.HttpSessionRequestCache        : Saved request http://localhost:8080/css/login.css?continue to session
2025-03-21T13:11:06.370+01:00 DEBUG 10212 --- [EntreBicis] [http-nio-8080-exec-10] o.s.s.web.DefaultRedirectStrategy        : Redirecting to http://localhost:8080/login
2025-03-21T13:11:06.375+01:00 DEBUG 10212 --- [EntreBicis] [http-nio-8080-exec-5] o.s.s.web.DefaultRedirectStrategy        : Redirecting to http://localhost:8080/login
2025-03-21T13:11:06.442+01:00 DEBUG 10212 --- [EntreBicis] [http-nio-8080-exec-1] o.s.security.web.FilterChainProxy        : Securing GET /login
2025-03-21T13:11:06.446+01:00 DEBUG 10212 --- [EntreBicis] [http-nio-8080-exec-1] o.s.security.web.FilterChainProxy        : Secured GET /login
2025-03-21T13:11:06.453+01:00 DEBUG 10212 --- [EntreBicis] [http-nio-8080-exec-1] o.s.s.w.a.AnonymousAuthenticationFilter  : Set SecurityContextHolder to anonymous SecurityContext
2025-03-21T13:11:06.481+01:00 DEBUG 10212 --- [EntreBicis] [http-nio-8080-exec-4] o.s.security.web.FilterChainProxy        : Securing GET /login
2025-03-21T13:11:06.482+01:00 DEBUG 10212 --- [EntreBicis] [http-nio-8080-exec-4] o.s.security.web.FilterChainProxy        : Secured GET /login
2025-03-21T13:11:06.485+01:00 DEBUG 10212 --- [EntreBicis] [http-nio-8080-exec-4] o.s.s.w.a.AnonymousAuthenticationFilter  : Set SecurityContextHolder to anonymous SecurityContext
2025-03-21T13:11:06.599+01:00 DEBUG 10212 --- [EntreBicis] [http-nio-8080-exec-3] o.s.security.web.FilterChainProxy        : Securing GET /favicon.ico
2025-03-21T13:11:06.601+01:00 DEBUG 10212 --- [EntreBicis] [http-nio-8080-exec-3] o.s.s.w.a.AnonymousAuthenticationFilter  : Set SecurityContextHolder to anonymous SecurityContext
2025-03-21T13:11:06.602+01:00 DEBUG 10212 --- [EntreBicis] [http-nio-8080-exec-3] o.s.s.web.DefaultRedirectStrategy        : Redirecting to http://localhost:8080/login
2025-03-21T13:11:06.620+01:00 DEBUG 10212 --- [EntreBicis] [http-nio-8080-exec-2] o.s.security.web.FilterChainProxy        : Securing GET /login
2025-03-21T13:11:06.625+01:00 DEBUG 10212 --- [EntreBicis] [http-nio-8080-exec-2] o.s.security.web.FilterChainProxy        : Secured GET /login
2025-03-21T13:11:06.636+01:00 DEBUG 10212 --- [EntreBicis] [http-nio-8080-exec-2] o.s.s.w.a.AnonymousAuthenticationFilter  : Set SecurityContextHolder to anonymous SecurityContext
2025-03-21T13:25:29.722+01:00  INFO 9808 --- [EntreBicis] [main] h.vico.EntreBicis.EntreBicisApplication  : Starting EntreBicisApplication using Java 21.0.6 with PID 9808 (C:\EntreBicis\BackEnd\target\classes started by Héctor Vico in C:\EntreBicis\BackEnd)
2025-03-21T13:25:29.728+01:00  INFO 9808 --- [EntreBicis] [main] h.vico.EntreBicis.EntreBicisApplication  : No active profile set, falling back to 1 default profile: "default"
2025-03-21T13:25:32.120+01:00  INFO 9808 --- [EntreBicis] [main] o.s.b.w.embedded.tomcat.TomcatWebServer  : Tomcat initialized with port 8080 (http)
2025-03-21T13:25:32.156+01:00  INFO 9808 --- [EntreBicis] [main] o.apache.catalina.core.StandardService   : Starting service [Tomcat]
2025-03-21T13:25:32.169+01:00  INFO 9808 --- [EntreBicis] [main] o.apache.catalina.core.StandardEngine    : Starting Servlet engine: [Apache Tomcat/10.1.36]
2025-03-21T13:25:32.324+01:00  INFO 9808 --- [EntreBicis] [main] o.a.c.c.C.[Tomcat].[localhost].[/]       : Initializing Spring embedded WebApplicationContext
2025-03-21T13:25:32.325+01:00  INFO 9808 --- [EntreBicis] [main] w.s.c.ServletWebServerApplicationContext : Root WebApplicationContext: initialization completed in 2477 ms
2025-03-21T13:25:32.741+01:00  INFO 9808 --- [EntreBicis] [main] o.hibernate.jpa.internal.util.LogHelper  : HHH000204: Processing PersistenceUnitInfo [name: default]
2025-03-21T13:25:32.842+01:00  INFO 9808 --- [EntreBicis] [main] org.hibernate.Version                    : HHH000412: Hibernate ORM core version 6.6.8.Final
2025-03-21T13:25:32.905+01:00  INFO 9808 --- [EntreBicis] [main] o.h.c.internal.RegionFactoryInitiator    : HHH000026: Second-level cache disabled
2025-03-21T13:25:33.541+01:00  INFO 9808 --- [EntreBicis] [main] com.zaxxer.hikari.HikariDataSource       : HikariPool-1 - Starting...
2025-03-21T13:25:34.104+01:00  INFO 9808 --- [EntreBicis] [main] com.zaxxer.hikari.pool.HikariPool        : HikariPool-1 - Added connection com.mysql.cj.jdbc.ConnectionImpl@1686ed85
2025-03-21T13:25:34.111+01:00  INFO 9808 --- [EntreBicis] [main] com.zaxxer.hikari.HikariDataSource       : HikariPool-1 - Start completed.
2025-03-21T13:25:34.239+01:00  WARN 9808 --- [EntreBicis] [main] org.hibernate.orm.deprecation            : HHH90000025: MySQL8Dialect does not need to be specified explicitly using 'hibernate.dialect' (remove the property setting and it will be selected by default)
2025-03-21T13:25:34.242+01:00  WARN 9808 --- [EntreBicis] [main] org.hibernate.orm.deprecation            : HHH90000026: MySQL8Dialect has been deprecated; use org.hibernate.dialect.MySQLDialect instead
2025-03-21T13:25:34.316+01:00  INFO 9808 --- [EntreBicis] [main] org.hibernate.orm.connections.pooling    : HHH10001005: Database info:
	Database JDBC URL [Connecting through datasource 'HikariDataSource (HikariPool-1)']
	Database driver: undefined/unknown
	Database version: 8.0
	Autocommit mode: undefined/unknown
	Isolation level: undefined/unknown
	Minimum pool size: undefined/unknown
	Maximum pool size: undefined/unknown
2025-03-21T13:25:35.421+01:00  INFO 9808 --- [EntreBicis] [main] o.h.e.t.j.p.i.JtaPlatformInitiator       : HHH000489: No JTA platform available (set 'hibernate.transaction.jta.platform' to enable JTA platform integration)
2025-03-21T13:25:35.959+01:00  WARN 9808 --- [EntreBicis] [main] JpaBaseConfiguration$JpaWebConfiguration : spring.jpa.open-in-view is enabled by default. Therefore, database queries may be performed during view rendering. Explicitly configure spring.jpa.open-in-view to disable this warning
2025-03-21T13:25:36.035+01:00  INFO 9808 --- [EntreBicis] [main] r$InitializeUserDetailsManagerConfigurer : Global AuthenticationManager configured with UserDetailsService bean with name validadorUsuaris
2025-03-21T13:25:36.563+01:00 DEBUG 9808 --- [EntreBicis] [main] o.s.s.web.DefaultSecurityFilterChain     : Will secure any request with filters: DisableEncodeUrlFilter, WebAsyncManagerIntegrationFilter, SecurityContextHolderFilter, HeaderWriterFilter, CsrfFilter, LogoutFilter, UsernamePasswordAuthenticationFilter, RequestCacheAwareFilter, SecurityContextHolderAwareRequestFilter, AnonymousAuthenticationFilter, ExceptionTranslationFilter, AuthorizationFilter
2025-03-21T13:25:37.055+01:00  INFO 9808 --- [EntreBicis] [main] o.s.b.w.embedded.tomcat.TomcatWebServer  : Tomcat started on port 8080 (http) with context path '/'
2025-03-21T13:25:37.069+01:00  INFO 9808 --- [EntreBicis] [main] h.vico.EntreBicis.EntreBicisApplication  : Started EntreBicisApplication in 8.187 seconds (process running for 9.087)
2025-03-21T13:25:41.906+01:00  INFO 9808 --- [EntreBicis] [http-nio-8080-exec-2] o.a.c.c.C.[Tomcat].[localhost].[/]       : Initializing Spring DispatcherServlet 'dispatcherServlet'
2025-03-21T13:25:41.908+01:00  INFO 9808 --- [EntreBicis] [http-nio-8080-exec-2] o.s.web.servlet.DispatcherServlet        : Initializing Servlet 'dispatcherServlet'
2025-03-21T13:25:41.911+01:00  INFO 9808 --- [EntreBicis] [http-nio-8080-exec-2] o.s.web.servlet.DispatcherServlet        : Completed initialization in 2 ms
2025-03-21T13:25:41.963+01:00 DEBUG 9808 --- [EntreBicis] [http-nio-8080-exec-2] o.s.security.web.FilterChainProxy        : Securing GET /login
2025-03-21T13:25:41.978+01:00 DEBUG 9808 --- [EntreBicis] [http-nio-8080-exec-2] o.s.security.web.FilterChainProxy        : Secured GET /login
2025-03-21T13:25:42.439+01:00 DEBUG 9808 --- [EntreBicis] [http-nio-8080-exec-2] o.s.s.w.a.AnonymousAuthenticationFilter  : Set SecurityContextHolder to anonymous SecurityContext
2025-03-21T13:25:42.467+01:00 DEBUG 9808 --- [EntreBicis] [http-nio-8080-exec-3] o.s.security.web.FilterChainProxy        : Securing GET /images/logo.png
2025-03-21T13:25:42.469+01:00 DEBUG 9808 --- [EntreBicis] [http-nio-8080-exec-3] o.s.s.w.a.AnonymousAuthenticationFilter  : Set SecurityContextHolder to anonymous SecurityContext
2025-03-21T13:25:42.490+01:00 DEBUG 9808 --- [EntreBicis] [http-nio-8080-exec-3] o.s.s.w.s.HttpSessionRequestCache        : Saved request http://localhost:8080/images/logo.png?continue to session
2025-03-21T13:25:42.494+01:00 DEBUG 9808 --- [EntreBicis] [http-nio-8080-exec-3] o.s.s.web.DefaultRedirectStrategy        : Redirecting to http://localhost:8080/login
2025-03-21T13:25:42.549+01:00 DEBUG 9808 --- [EntreBicis] [http-nio-8080-exec-4] o.s.security.web.FilterChainProxy        : Securing GET /login
2025-03-21T13:25:42.550+01:00 DEBUG 9808 --- [EntreBicis] [http-nio-8080-exec-4] o.s.security.web.FilterChainProxy        : Secured GET /login
2025-03-21T13:25:42.561+01:00 DEBUG 9808 --- [EntreBicis] [http-nio-8080-exec-4] o.s.s.w.a.AnonymousAuthenticationFilter  : Set SecurityContextHolder to anonymous SecurityContext
2025-03-21T13:25:42.564+01:00 DEBUG 9808 --- [EntreBicis] [http-nio-8080-exec-5] o.s.security.web.FilterChainProxy        : Securing GET /images/background.jpg
2025-03-21T13:25:42.570+01:00 DEBUG 9808 --- [EntreBicis] [http-nio-8080-exec-5] o.s.s.w.a.AnonymousAuthenticationFilter  : Set SecurityContextHolder to anonymous SecurityContext
2025-03-21T13:25:42.580+01:00 DEBUG 9808 --- [EntreBicis] [http-nio-8080-exec-5] o.s.s.w.s.HttpSessionRequestCache        : Saved request http://localhost:8080/images/background.jpg?continue to session
2025-03-21T13:25:42.584+01:00 DEBUG 9808 --- [EntreBicis] [http-nio-8080-exec-5] o.s.s.web.DefaultRedirectStrategy        : Redirecting to http://localhost:8080/login
2025-03-21T13:25:42.673+01:00 DEBUG 9808 --- [EntreBicis] [http-nio-8080-exec-6] o.s.security.web.FilterChainProxy        : Securing GET /login
2025-03-21T13:25:42.678+01:00 DEBUG 9808 --- [EntreBicis] [http-nio-8080-exec-6] o.s.security.web.FilterChainProxy        : Secured GET /login
2025-03-21T13:25:42.684+01:00 DEBUG 9808 --- [EntreBicis] [http-nio-8080-exec-6] o.s.s.w.a.AnonymousAuthenticationFilter  : Set SecurityContextHolder to anonymous SecurityContext
2025-03-21T13:25:42.784+01:00 DEBUG 9808 --- [EntreBicis] [http-nio-8080-exec-7] o.s.security.web.FilterChainProxy        : Securing GET /favicon.ico
2025-03-21T13:25:42.785+01:00 DEBUG 9808 --- [EntreBicis] [http-nio-8080-exec-7] o.s.s.w.a.AnonymousAuthenticationFilter  : Set SecurityContextHolder to anonymous SecurityContext
2025-03-21T13:25:42.786+01:00 DEBUG 9808 --- [EntreBicis] [http-nio-8080-exec-7] o.s.s.web.DefaultRedirectStrategy        : Redirecting to http://localhost:8080/login
2025-03-21T13:25:42.814+01:00 DEBUG 9808 --- [EntreBicis] [http-nio-8080-exec-8] o.s.security.web.FilterChainProxy        : Securing GET /login
2025-03-21T13:25:42.815+01:00 DEBUG 9808 --- [EntreBicis] [http-nio-8080-exec-8] o.s.security.web.FilterChainProxy        : Secured GET /login
2025-03-21T13:25:42.822+01:00 DEBUG 9808 --- [EntreBicis] [http-nio-8080-exec-8] o.s.s.w.a.AnonymousAuthenticationFilter  : Set SecurityContextHolder to anonymous SecurityContext
